SF:lib\app\config\auth_storage\auth_storage.dart
DA:12,1
DA:13,1
DA:14,1
DA:17,1
DA:18,1
DA:19,1
DA:22,1
DA:23,1
DA:24,1
DA:27,1
DA:28,1
DA:29,2
DA:30,1
DA:31,1
DA:32,1
DA:33,1
DA:34,1
DA:35,1
DA:36,1
DA:38,1
DA:41,1
DA:42,1
DA:43,1
DA:46,1
DA:47,1
DA:48,1
DA:49,1
DA:50,1
DA:51,1
DA:52,1
DA:53,1
DA:54,2
DA:58,1
DA:59,1
DA:60,1
DA:63,1
DA:64,1
DA:65,1
DA:68,1
DA:69,1
DA:70,1
DA:73,1
DA:74,1
DA:75,1
DA:76,1
LF:45
LH:45
end_of_record
SF:lib\features\auth\domain\models\user_model.dart
DA:10,6
LF:1
LH:1
end_of_record
SF:lib\app\config\base_state\base_state.dart
DA:10,10
DA:12,9
DA:13,9
DA:15,9
DA:16,9
DA:18,8
DA:19,8
DA:21,8
DA:22,8
DA:25,0
DA:26,3
DA:27,0
DA:28,0
LF:13
LH:10
end_of_record
SF:lib\features\app_start\presentation\manager\app_cubit.dart
DA:12,3
DA:14,1
DA:15,1
DA:16,1
DA:20,1
DA:21,4
DA:23,2
DA:24,4
DA:26,5
LF:9
LH:9
end_of_record
SF:lib\features\app_start\presentation\manager\app_states.dart
DA:6,1
DA:8,3
DA:10,1
DA:13,1
DA:14,0
LF:5
LH:4
end_of_record
SF:lib\app\core\network\api_result.dart
DA:5,22
DA:10,21
LF:2
LH:2
end_of_record
SF:lib\app\core\network\api_result_picker.dart
DA:4,4
DA:6,4
DA:8,12
DA:9,4
DA:11,8
DA:13,0
LF:6
LH:5
end_of_record
SF:lib\features\best_seller\menager\best_sell_cubit.dart
DA:15,6
DA:17,2
DA:18,2
DA:19,2
DA:23,2
DA:25,8
DA:27,4
DA:30,2
DA:31,2
DA:32,2
DA:33,6
DA:34,2
DA:36,8
DA:39,2
DA:40,12
LF:15
LH:15
end_of_record
SF:lib\features\best_seller\menager\best_sell_state.dart
DA:9,4
DA:11,4
DA:12,8
DA:14,4
DA:18,4
DA:19,2
DA:20,4
LF:7
LH:7
end_of_record
SF:lib\features\home\domain\models\best_seller_model.dart
DA:23,8
DA:44,0
DA:45,0
DA:46,0
DA:47,0
DA:48,0
DA:49,0
DA:50,0
DA:51,0
DA:52,0
DA:53,0
DA:54,0
DA:55,0
DA:56,0
DA:57,0
DA:58,0
DA:59,0
DA:60,0
DA:61,0
DA:62,0
DA:63,0
LF:21
LH:1
end_of_record
SF:lib\features\home\domain\usecase\get_best_seller_usecase.dart
DA:10,1
DA:12,1
DA:13,2
DA:14,3
LF:4
LH:4
end_of_record
SF:lib\features\home\domain\models\category_model.dart
DA:12,4
DA:22,0
DA:23,0
DA:24,0
DA:25,0
DA:26,0
DA:27,0
DA:28,0
DA:29,0
DA:30,0
LF:10
LH:1
end_of_record
SF:lib\features\home\domain\models\home_model.dart
DA:14,6
DA:22,0
DA:23,0
DA:24,0
DA:25,0
DA:26,0
DA:27,0
DA:28,0
LF:8
LH:1
end_of_record
SF:lib\features\home\domain\models\occasion_model.dart
DA:13,4
DA:24,0
DA:25,0
DA:26,0
DA:27,0
DA:28,0
DA:29,0
DA:30,0
DA:31,0
DA:32,0
DA:33,0
LF:11
LH:1
end_of_record
SF:lib\features\home\domain\models\product_model.dart
DA:23,3
DA:44,0
DA:45,0
DA:46,0
DA:47,0
DA:48,0
DA:49,0
DA:50,0
DA:51,0
DA:52,0
DA:53,0
DA:54,0
DA:55,0
DA:56,0
DA:57,0
DA:58,0
DA:59,0
DA:60,0
DA:61,0
DA:62,0
DA:63,0
LF:21
LH:1
end_of_record
SF:lib\app\core\api_manger\api_client.g.dart
DA:14,0
DA:15,0
DA:24,0
DA:26,0
DA:27,0
DA:28,0
DA:29,0
DA:30,0
DA:31,0
DA:32,0
DA:33,0
DA:34,0
DA:39,0
DA:41,0
DA:44,0
DA:46,0
DA:49,0
DA:53,0
DA:55,0
DA:56,0
DA:57,0
DA:58,0
DA:59,0
DA:60,0
DA:61,0
DA:62,0
DA:63,0
DA:68,0
DA:70,0
DA:73,0
DA:75,0
DA:78,0
DA:82,0
DA:86,0
DA:87,0
DA:88,0
DA:89,0
DA:90,0
DA:91,0
DA:92,0
DA:93,0
DA:94,0
DA:99,0
DA:101,0
DA:104,0
DA:106,0
DA:109,0
DA:113,0
DA:117,0
DA:118,0
DA:119,0
DA:120,0
DA:121,0
DA:122,0
DA:123,0
DA:124,0
DA:125,0
DA:130,0
DA:132,0
DA:135,0
DA:137,0
DA:140,0
DA:144,0
DA:148,0
DA:149,0
DA:150,0
DA:151,0
DA:152,0
DA:153,0
DA:154,0
DA:155,0
DA:156,0
DA:161,0
DA:163,0
DA:166,0
DA:168,0
DA:171,0
DA:175,0
DA:180,0
DA:181,0
DA:185,0
DA:186,0
DA:188,0
DA:189,0
DA:190,0
DA:191,0
DA:196,0
DA:198,0
DA:201,0
DA:203,0
DA:206,0
DA:210,0
DA:212,0
DA:213,0
DA:214,0
DA:216,0
DA:217,0
DA:218,0
DA:219,0
DA:224,0
DA:226,0
DA:229,0
DA:231,0
DA:234,0
DA:238,0
DA:240,0
DA:241,0
DA:242,0
DA:244,0
DA:245,0
DA:246,0
DA:247,0
DA:252,0
DA:254,0
DA:257,0
DA:259,0
DA:262,0
DA:266,0
DA:270,0
DA:271,0
DA:272,0
DA:274,0
DA:275,0
DA:276,0
DA:277,0
DA:278,0
DA:282,0
DA:284,0
DA:287,0
DA:289,0
DA:292,0
DA:296,0
DA:297,0
DA:298,0
DA:299,0
DA:300,0
DA:301,0
DA:303,0
DA:309,0
DA:310,0
DA:314,0
DA:316,0
DA:317,0
DA:320,0
LF:144
LH:0
end_of_record
SF:lib\features\auth\api\datasource\auth_remote_datasource_impl.dart
DA:20,1
DA:21,1
DA:23,1
DA:24,3
DA:28,1
DA:38,1
DA:39,4
DA:51,0
DA:55,0
DA:58,0
DA:61,0
DA:62,0
DA:66,0
DA:69,0
DA:70,0
LF:15
LH:7
end_of_record
SF:lib\features\auth\data\models\request\login_request_model.dart
DA:12,2
DA:14,0
DA:15,0
DA:18,0
DA:19,0
LF:5
LH:1
end_of_record
SF:lib\features\auth\data\models\request\login_request_model.g.dart
DA:9,0
DA:10,0
DA:11,0
DA:14,0
DA:15,0
LF:5
LH:0
end_of_record
SF:lib\features\auth\data\models\response\login_response_model.dart
DA:17,3
DA:19,0
DA:20,0
DA:23,0
DA:24,0
DA:27,2
DA:28,2
DA:29,2
DA:30,2
DA:31,5
DA:38,1
LF:11
LH:7
end_of_record
SF:lib\features\auth\data\models\response\login_response_model.g.dart
DA:9,0
DA:10,0
DA:11,0
DA:12,0
DA:14,0
DA:15,0
DA:18,0
DA:19,0
DA:20,0
DA:21,0
DA:22,0
LF:11
LH:0
end_of_record
SF:lib\features\auth\data\models\response\signup_dto.dart
DA:16,2
DA:18,0
DA:19,0
DA:20,0
DA:48,2
DA:62,0
DA:63,0
LF:7
LH:2
end_of_record
SF:lib\features\auth\data\models\response\signup_dto.g.dart
DA:9,0
DA:10,0
DA:11,0
DA:13,0
DA:14,0
DA:15,0
DA:18,0
DA:19,0
DA:20,0
DA:21,0
DA:22,0
DA:25,0
DA:26,0
DA:27,0
DA:28,0
DA:29,0
DA:30,0
DA:31,0
DA:32,0
DA:33,0
DA:34,0
DA:35,0
DA:36,0
DA:39,0
DA:40,0
DA:41,0
DA:42,0
DA:43,0
DA:44,0
DA:45,0
DA:46,0
DA:47,0
DA:48,0
DA:49,0
DA:50,0
LF:35
LH:0
end_of_record
SF:lib\features\auth\data\models\request\forget_password_request_model\forget_password_request_model.dart
DA:7,0
DA:8,0
DA:9,0
DA:10,0
DA:11,0
LF:5
LH:0
end_of_record
SF:lib\features\auth\data\models\request\forget_password_request_model\forget_password_request_model.g.dart
DA:9,0
DA:11,0
DA:13,0
DA:15,0
LF:4
LH:0
end_of_record
SF:lib\features\auth\data\models\request\reset_password_request_model\reset_password_request_model.dart
DA:10,0
DA:15,0
DA:16,0
DA:18,0
LF:4
LH:0
end_of_record
SF:lib\features\auth\data\models\request\reset_password_request_model\reset_password_request_model.g.dart
DA:9,0
DA:11,0
DA:12,0
DA:13,0
DA:16,0
DA:18,0
DA:19,0
DA:20,0
LF:8
LH:0
end_of_record
SF:lib\features\auth\data\models\request\verify_reset_code_request_model\verify_reset_code_request.dart
DA:9,0
DA:11,0
DA:12,0
DA:14,0
DA:15,0
LF:5
LH:0
end_of_record
SF:lib\features\auth\data\models\request\verify_reset_code_request_model\verify_reset_code_request.g.dart
DA:9,0
DA:11,0
DA:13,0
DA:15,0
LF:4
LH:0
end_of_record
SF:lib\features\auth\data\models\response\forget_password_response_model\forget_password_response_model.dart
DA:9,0
DA:12,0
DA:13,0
DA:14,0
DA:15,0
LF:5
LH:0
end_of_record
SF:lib\features\auth\data\models\response\forget_password_response_model\forget_password_response_model.g.dart
DA:9,0
DA:11,0
DA:12,0
DA:13,0
DA:16,0
DA:18,0
LF:6
LH:0
end_of_record
SF:lib\features\auth\data\models\response\reset_password_response_model\reset_password_response_model.dart
DA:12,0
DA:18,0
DA:19,0
DA:21,0
DA:23,0
DA:24,0
DA:25,0
DA:26,0
LF:8
LH:0
end_of_record
SF:lib\features\auth\data\models\response\reset_password_response_model\reset_password_response_model.g.dart
DA:9,0
DA:11,0
DA:12,0
DA:13,0
DA:14,0
DA:17,0
DA:19,0
DA:20,0
DA:21,0
DA:22,0
LF:10
LH:0
end_of_record
SF:lib\features\auth\data\models\response\verify_reset_code_response_model\verify_reset_code_response_model.dart
DA:7,0
DA:9,0
DA:10,0
DA:12,0
DA:13,0
LF:5
LH:0
end_of_record
SF:lib\features\auth\data\models\response\verify_reset_code_response_model\verify_reset_code_response_model.g.dart
DA:9,0
DA:11,0
DA:13,0
DA:15,0
LF:4
LH:0
end_of_record
SF:lib\features\commerce\data\models\all_categories_dto.dart
DA:14,4
DA:16,1
DA:17,1
DA:18,0
DA:40,4
DA:51,1
DA:52,1
DA:53,2
DA:67,2
DA:69,1
DA:70,1
DA:71,2
LF:12
LH:11
end_of_record
SF:lib\features\commerce\data\models\all_categories_dto.g.dart
DA:9,1
DA:10,1
DA:11,1
DA:12,1
DA:14,2
DA:15,1
DA:16,1
DA:17,1
DA:19,1
DA:21,1
DA:24,0
DA:25,0
DA:26,0
DA:27,0
DA:28,0
DA:31,1
DA:32,1
DA:33,1
DA:34,1
DA:35,1
DA:36,1
DA:37,1
DA:38,1
DA:39,1
DA:40,2
DA:43,1
DA:44,1
DA:45,1
DA:46,1
DA:47,1
DA:48,1
DA:49,1
DA:50,1
DA:51,1
DA:52,1
DA:55,2
DA:56,2
DA:57,2
DA:58,2
DA:59,2
DA:62,1
DA:63,1
DA:64,1
DA:65,1
DA:66,1
DA:67,1
LF:46
LH:41
end_of_record
SF:lib\features\e_commerce\data\models\response\products_response.dart
DA:10,2
DA:12,0
DA:13,0
DA:14,0
DA:15,0
DA:16,0
DA:18,0
DA:19,0
DA:20,0
DA:24,0
DA:25,0
DA:26,0
DA:27,0
DA:28,0
LF:14
LH:1
end_of_record
SF:lib\features\home\data\models\response\home_response.dart
DA:23,3
DA:31,0
DA:32,0
DA:35,0
DA:36,0
DA:39,2
DA:40,2
DA:41,2
DA:42,9
DA:43,9
DA:44,9
DA:45,9
LF:12
LH:8
end_of_record
SF:lib\features\home\data\models\response\home_response.g.dart
DA:9,0
DA:10,0
DA:11,0
DA:12,0
DA:13,0
DA:14,0
DA:15,0
DA:16,0
DA:17,0
DA:18,0
DA:19,0
DA:20,0
DA:21,0
DA:22,0
DA:25,0
DA:26,0
DA:27,0
DA:28,0
DA:29,0
DA:30,0
DA:31,0
LF:21
LH:0
end_of_record
SF:lib\features\nav_bar\data\product_details\models\response\product_details_response.dart
DA:12,0
DA:17,0
DA:18,0
DA:20,0
DA:21,0
LF:5
LH:0
end_of_record
SF:lib\features\nav_bar\data\product_details\models\response\product_details_response.g.dart
DA:9,0
DA:11,0
DA:12,0
DA:13,0
DA:14,0
DA:18,0
DA:20,0
DA:21,0
DA:22,0
LF:9
LH:0
end_of_record
SF:lib\app\core\network\safe_api_call.dart
DA:7,4
DA:11,8
DA:13,4
DA:14,12
DA:15,12
DA:16,8
DA:18,0
DA:19,0
DA:22,4
DA:23,1
DA:25,1
DA:26,0
DA:27,1
DA:28,0
DA:32,1
DA:34,6
LF:16
LH:12
end_of_record
SF:lib\features\auth\data\models\response\user_model.dart
DA:30,3
DA:44,1
DA:45,1
DA:48,1
DA:49,1
DA:52,3
DA:53,3
DA:54,3
DA:55,3
DA:56,3
DA:57,3
DA:58,3
DA:59,3
DA:60,3
LF:14
LH:14
end_of_record
SF:lib\features\auth\data\models\response\user_model.g.dart
DA:9,2
DA:10,1
DA:11,1
DA:12,1
DA:13,1
DA:14,1
DA:15,1
DA:16,1
DA:17,1
DA:18,1
DA:19,1
DA:20,1
DA:23,2
DA:24,1
DA:25,1
DA:26,1
DA:27,1
DA:28,1
DA:29,1
DA:30,1
DA:31,1
DA:32,1
DA:33,1
DA:34,1
LF:24
LH:24
end_of_record
SF:lib\features\auth\domain\models\login_model.dart
DA:9,4
LF:1
LH:1
end_of_record
SF:lib\features\auth\domain\models\reset_password_entity.dart
DA:6,0
LF:1
LH:0
end_of_record
SF:lib\features\e_commerce\data\models\response\meta_data.dart
DA:7,2
DA:14,0
DA:15,0
DA:16,0
DA:17,0
DA:18,0
DA:19,0
DA:23,0
DA:24,0
DA:25,0
DA:26,0
DA:27,0
DA:28,0
LF:13
LH:1
end_of_record
SF:lib\features\e_commerce\data\models\response\remote_product.dart
DA:23,2
DA:46,0
DA:47,0
DA:48,0
DA:49,0
DA:50,0
DA:51,0
DA:52,0
DA:53,0
DA:54,0
DA:55,0
DA:56,0
DA:57,0
DA:58,0
DA:59,0
DA:60,0
DA:61,0
DA:62,0
DA:63,0
DA:64,0
DA:65,0
DA:66,0
DA:67,0
DA:68,0
DA:69,0
DA:73,0
DA:74,0
DA:75,0
DA:76,0
DA:77,0
DA:78,0
DA:79,0
DA:80,0
DA:81,0
DA:82,0
DA:83,0
DA:84,0
DA:85,0
DA:86,0
DA:87,0
DA:88,0
DA:89,0
DA:90,0
DA:91,0
DA:92,0
DA:93,0
DA:94,0
LF:47
LH:1
end_of_record
SF:lib\features\home\data\models\best_seller_model.dart
DA:46,3
DA:68,0
DA:69,0
DA:72,0
DA:73,0
DA:76,2
DA:77,2
DA:78,3
DA:79,2
DA:80,2
DA:81,2
DA:82,2
DA:83,4
DA:84,2
DA:85,2
DA:86,2
DA:87,2
DA:88,2
DA:89,2
DA:90,2
DA:91,2
DA:92,2
DA:93,2
DA:94,2
DA:95,2
LF:25
LH:21
end_of_record
SF:lib\features\home\data\models\best_seller_model.g.dart
DA:9,0
DA:10,0
DA:11,0
DA:12,0
DA:13,0
DA:14,0
DA:15,0
DA:16,0
DA:17,0
DA:18,0
DA:19,0
DA:20,0
DA:21,0
DA:22,0
DA:23,0
DA:24,0
DA:25,0
DA:26,0
DA:27,0
DA:28,0
DA:31,0
DA:32,0
DA:33,0
DA:34,0
DA:35,0
DA:36,0
DA:37,0
DA:38,0
DA:39,0
DA:40,0
DA:41,0
DA:42,0
DA:43,0
DA:44,0
DA:45,0
DA:46,0
DA:47,0
DA:48,0
DA:49,0
DA:50,0
DA:51,0
LF:41
LH:0
end_of_record
SF:lib\features\home\data\models\category_model.dart
DA:23,3
DA:33,0
DA:34,0
DA:37,0
DA:38,0
DA:41,2
DA:42,2
DA:43,2
DA:44,2
DA:45,2
DA:46,2
DA:47,2
DA:48,2
DA:49,2
LF:14
LH:10
end_of_record
SF:lib\features\home\data\models\category_model.g.dart
DA:9,0
DA:10,0
DA:11,0
DA:12,0
DA:13,0
DA:14,0
DA:15,0
DA:16,0
DA:19,0
DA:20,0
DA:21,0
DA:22,0
DA:23,0
DA:24,0
DA:25,0
DA:26,0
LF:16
LH:0
end_of_record
SF:lib\features\home\data\models\occasion_model.dart
DA:22,3
DA:32,0
DA:33,0
DA:36,0
DA:37,0
DA:40,2
DA:41,2
DA:42,2
DA:43,2
DA:44,2
DA:45,2
DA:47,4
DA:49,4
DA:50,2
LF:14
LH:10
end_of_record
SF:lib\features\home\data\models\occasion_model.g.dart
DA:9,0
DA:10,0
DA:11,0
DA:12,0
DA:13,0
DA:14,0
DA:15,0
DA:16,0
DA:19,0
DA:20,0
DA:21,0
DA:22,0
DA:23,0
DA:24,0
DA:25,0
DA:26,0
LF:16
LH:0
end_of_record
SF:lib\features\home\data\models\product_model.dart
DA:48,3
DA:70,0
DA:71,0
DA:74,0
DA:75,0
DA:78,2
DA:79,2
DA:80,3
DA:81,2
DA:82,2
DA:83,2
DA:84,2
DA:85,4
DA:86,2
DA:87,2
DA:88,2
DA:89,2
DA:90,2
DA:92,4
DA:94,4
DA:95,2
DA:96,2
DA:97,2
DA:98,2
DA:99,2
LF:25
LH:21
end_of_record
SF:lib\features\home\data\models\product_model.g.dart
DA:9,0
DA:10,0
DA:11,0
DA:12,0
DA:13,0
DA:14,0
DA:15,0
DA:16,0
DA:17,0
DA:18,0
DA:19,0
DA:20,0
DA:21,0
DA:22,0
DA:23,0
DA:24,0
DA:25,0
DA:26,0
DA:27,0
DA:28,0
DA:31,0
DA:32,0
DA:33,0
DA:34,0
DA:35,0
DA:36,0
DA:37,0
DA:38,0
DA:39,0
DA:40,0
DA:41,0
DA:42,0
DA:43,0
DA:44,0
DA:45,0
DA:46,0
DA:47,0
DA:48,0
DA:49,0
DA:50,0
LF:40
LH:0
end_of_record
SF:lib\features\nav_bar\data\product_details\models\response\product_details_model.dart
DA:7,0
DA:20,0
DA:21,0
DA:22,0
DA:23,0
DA:24,0
DA:25,0
DA:26,0
DA:27,0
DA:28,0
DA:29,0
DA:30,0
DA:31,0
DA:35,0
DA:36,0
DA:37,0
DA:38,0
DA:39,0
DA:40,0
DA:41,0
DA:42,0
DA:43,0
DA:44,0
DA:45,0
DA:48,0
LF:25
LH:0
end_of_record
SF:lib\features\nav_bar\data\product_details\models\response\product_details_model.g.dart
DA:9,0
DA:10,0
DA:11,0
DA:12,0
DA:13,0
DA:14,0
DA:15,0
DA:16,0
DA:17,0
DA:18,0
DA:19,0
DA:20,0
DA:21,0
DA:22,0
DA:25,0
DA:27,0
DA:28,0
DA:29,0
DA:30,0
DA:31,0
DA:32,0
DA:33,0
DA:34,0
DA:35,0
DA:36,0
DA:37,0
LF:26
LH:0
end_of_record
SF:lib\features\nav_bar\domain\product_details\models\product_details_entity.dart
DA:13,0
LF:1
LH:0
end_of_record
SF:lib\features\auth\data\repos\auth_repo_imp.dart
DA:25,1
DA:27,1
DA:29,1
DA:30,2
DA:31,1
DA:32,3
DA:34,1
DA:35,2
DA:37,1
DA:40,1
DA:50,2
DA:60,1
DA:61,1
DA:62,1
DA:63,1
DA:64,1
DA:65,1
DA:66,2
DA:71,0
DA:73,0
DA:74,0
DA:77,0
DA:78,0
DA:79,0
DA:80,0
DA:81,0
DA:86,0
DA:87,0
DA:90,0
DA:93,0
DA:95,0
DA:96,0
DA:99,0
DA:100,0
DA:101,0
DA:104,0
DA:105,0
DA:107,0
DA:111,0
DA:113,0
DA:117,0
DA:118,0
DA:119,0
DA:122,0
DA:123,0
DA:125,0
LF:46
LH:18
end_of_record
SF:lib\features\auth\domain\models\signup_model.dart
DA:7,3
DA:18,3
LF:2
LH:2
end_of_record
SF:lib\features\auth\data\mappers\signup_dto_mapper.dart
DA:5,1
DA:6,1
DA:7,1
DA:8,1
DA:9,2
DA:15,1
DA:16,1
DA:17,1
DA:18,1
DA:19,1
DA:20,1
DA:21,1
DA:22,1
LF:13
LH:13
end_of_record
SF:lib\features\auth\domain\models\forget_password_entity.dart
DA:4,0
LF:1
LH:0
end_of_record
SF:lib\features\auth\domain\models\verify_reset_code_entity.dart
DA:4,0
LF:1
LH:0
end_of_record
SF:lib\features\auth\domain\usecase\signup_usecase.dart
DA:9,1
DA:11,1
DA:19,2
LF:3
LH:3
end_of_record
SF:lib\features\auth\domain\usecase\login_usecase.dart
DA:9,1
DA:11,1
DA:12,2
LF:3
LH:3
end_of_record
SF:lib\features\auth\presentation\login\manager\login_cubit.dart
DA:16,3
DA:18,1
DA:19,1
DA:20,1
DA:22,1
DA:23,1
DA:24,1
DA:25,1
DA:29,1
DA:30,3
DA:31,1
DA:37,1
DA:42,3
DA:43,1
DA:45,2
DA:48,1
DA:50,2
DA:52,4
DA:53,2
DA:54,3
DA:55,2
DA:59,1
DA:61,3
DA:62,2
DA:68,1
DA:69,3
LF:26
LH:26
end_of_record
SF:lib\features\auth\presentation\login\manager\login_intent.dart
DA:8,1
DA:17,1
LF:2
LH:2
end_of_record
SF:lib\features\auth\presentation\login\manager\login_states.dart
DA:8,1
DA:11,1
DA:13,1
DA:18,1
DA:19,1
DA:20,1
LF:6
LH:6
end_of_record
SF:lib\features\auth\presentation\signup\manager\signup_cubit.dart
DA:16,3
DA:30,0
DA:31,0
DA:33,0
DA:34,0
DA:37,1
DA:39,1
DA:40,1
DA:41,1
DA:42,3
DA:43,1
DA:44,3
DA:45,1
DA:46,3
DA:47,1
DA:48,3
DA:49,1
DA:50,3
DA:51,1
DA:52,3
DA:53,1
DA:54,3
DA:58,1
DA:59,2
DA:60,2
DA:62,0
DA:63,0
DA:64,0
DA:69,1
DA:70,3
DA:73,2
DA:74,1
DA:75,1
DA:76,1
DA:77,1
DA:78,1
DA:79,1
DA:80,1
DA:84,1
DA:85,1
DA:86,2
DA:87,1
DA:89,1
DA:94,3
DA:96,1
DA:97,1
DA:98,2
DA:99,1
DA:101,2
DA:105,2
DA:106,3
DA:111,1
DA:112,1
DA:113,1
DA:114,3
DA:118,1
DA:119,1
DA:120,1
DA:121,3
DA:125,1
DA:126,1
DA:127,4
DA:130,1
DA:131,1
DA:132,1
DA:133,3
DA:137,1
DA:138,1
DA:139,1
DA:140,2
DA:141,1
DA:146,1
DA:147,1
DA:148,4
DA:151,1
DA:152,1
DA:153,1
DA:154,2
DA:155,1
DA:160,1
DA:162,2
DA:163,1
LF:82
LH:75
end_of_record
SF:lib\features\auth\presentation\signup\manager\signup_intent.dart
DA:7,1
DA:12,1
DA:17,1
DA:22,1
DA:27,1
DA:32,1
DA:37,1
DA:48,1
LF:8
LH:8
end_of_record
SF:lib\features\auth\presentation\signup\manager\signup_states.dart
DA:6,1
DA:7,1
DA:8,1
DA:22,1
LF:4
LH:4
end_of_record
SF:lib\app\config\validation\app_validation.dart
DA:5,0
DA:7,0
DA:8,0
DA:9,0
DA:10,0
DA:11,0
DA:12,0
DA:18,0
DA:19,0
DA:20,0
DA:21,0
DA:22,0
DA:23,0
DA:29,0
DA:30,0
DA:31,0
DA:32,0
DA:33,0
DA:34,0
DA:40,0
DA:41,0
DA:42,0
DA:43,0
DA:44,0
DA:45,0
DA:46,0
DA:47,0
DA:48,0
DA:49,0
DA:50,0
DA:51,0
DA:52,0
DA:57,0
DA:61,0
DA:62,0
DA:63,0
DA:64,0
DA:69,0
DA:70,0
DA:73,0
DA:74,0
DA:75,0
DA:76,0
DA:82,1
DA:83,1
DA:84,0
LF:46
LH:2
end_of_record
SF:lib\app\core\ui_helper\style\font_style.dart
DA:7,0
DA:13,0
DA:19,0
DA:24,0
DA:30,0
DA:37,0
DA:43,0
DA:50,0
DA:56,0
DA:63,0
DA:70,0
DA:76,6
DA:81,0
DA:87,0
DA:93,0
DA:99,0
DA:105,0
DA:111,0
DA:117,6
DA:122,0
DA:128,0
DA:133,0
DA:139,0
DA:146,6
DA:152,0
LF:25
LH:3
end_of_record
SF:lib\app\core\widgets\product_item_card.dart
DA:14,0
DA:22,0
DA:25,0
DA:27,0
DA:28,0
DA:30,0
DA:31,0
DA:34,0
DA:35,0
DA:36,0
DA:37,0
DA:38,0
DA:39,0
DA:41,0
DA:42,0
DA:44,0
DA:46,0
DA:48,0
DA:49,0
DA:51,0
DA:53,0
DA:54,0
DA:56,0
DA:65,0
DA:67,0
DA:69,0
DA:70,0
DA:71,0
DA:74,0
DA:79,0
DA:81,0
DA:82,0
DA:83,0
DA:84,0
DA:88,0
DA:89,0
DA:90,0
DA:92,0
DA:96,0
DA:98,0
DA:99,0
DA:100,0
DA:101,0
DA:113,0
DA:116,0
DA:117,0
DA:119,0
DA:120,0
DA:124,0
DA:125,0
DA:136,0
DA:137,0
LF:52
LH:0
end_of_record
SF:lib\features\e_commerce\domain\models\product_model.dart
DA:9,2
LF:1
LH:1
end_of_record
SF:lib\features\best_seller\best_seller_card\best_seller_card.dart
DA:14,2
DA:22,2
DA:25,4
DA:26,0
DA:28,8
DA:29,0
DA:31,2
DA:32,2
DA:33,2
DA:34,2
DA:35,2
DA:36,2
DA:38,2
DA:39,4
DA:41,2
DA:43,2
DA:45,2
DA:47,2
DA:49,2
DA:50,4
DA:52,2
DA:60,2
DA:62,2
DA:64,2
DA:65,2
DA:66,4
DA:69,2
DA:73,2
DA:74,2
DA:75,2
DA:76,2
DA:77,2
DA:81,0
DA:82,0
DA:83,0
DA:85,0
DA:97,2
DA:100,2
DA:101,2
DA:103,2
DA:104,2
DA:105,2
DA:107,2
DA:110,2
DA:111,2
LF:45
LH:39
end_of_record
SF:lib\features\best_seller\pages\best_sell_screen.dart
DA:12,0
DA:14,1
DA:15,1
DA:19,1
DA:21,1
DA:23,4
DA:26,1
DA:28,1
DA:29,1
DA:30,1
DA:31,1
DA:32,1
DA:34,1
DA:35,1
DA:36,1
DA:39,1
DA:40,1
DA:41,1
DA:42,3
DA:44,1
DA:46,1
DA:53,1
DA:54,1
DA:55,1
DA:57,0
DA:58,0
DA:63,1
DA:64,3
LF:28
LH:25
end_of_record
SF:lib\features\commerce\api\datasource\commerce_remote_datasource_impl.dart
DA:11,1
DA:13,1
DA:15,4
LF:3
LH:3
end_of_record
SF:lib\features\commerce\data\mappers\all_categories_mapper.dart
DA:5,2
DA:6,2
DA:7,2
DA:8,10
DA:9,3
DA:15,2
DA:16,2
DA:17,2
DA:18,2
DA:19,2
DA:20,2
DA:21,2
DA:22,2
DA:23,2
DA:24,2
DA:30,1
DA:31,1
DA:32,1
DA:33,1
DA:34,1
DA:35,1
LF:21
LH:21
end_of_record
SF:lib\features\commerce\domain\models\all_categories_model.dart
DA:6,5
DA:19,5
DA:37,2
LF:3
LH:3
end_of_record
SF:lib\features\commerce\data\repos\commerce_repo_impl.dart
DA:12,1
DA:14,1
DA:16,2
DA:18,1
DA:19,1
DA:20,1
DA:21,1
DA:22,1
DA:23,2
LF:9
LH:9
end_of_record
SF:lib\features\commerce\domain\usecase\all_categories_usecase.dart
DA:9,1
DA:11,1
DA:12,2
LF:3
LH:3
end_of_record
SF:lib\features\commerce\presentation\categories\manager\all_categories_cubit.dart
DA:17,1
DA:18,2
DA:22,1
DA:24,1
DA:25,1
DA:26,1
DA:27,2
DA:31,1
DA:32,4
DA:33,2
DA:35,1
DA:36,2
DA:37,1
DA:38,3
DA:40,1
DA:41,2
DA:42,2
DA:45,1
DA:47,1
DA:48,1
DA:49,4
DA:54,1
DA:55,2
DA:56,1
DA:57,2
DA:58,2
DA:59,1
DA:61,2
DA:63,5
DA:66,1
DA:67,4
DA:68,2
DA:72,1
DA:73,2
DA:74,4
DA:75,1
DA:76,5
LF:37
LH:37
end_of_record
SF:lib\features\commerce\presentation\categories\manager\all_categories_intent.dart
DA:7,1
LF:1
LH:1
end_of_record
SF:lib\features\commerce\presentation\categories\manager\all_categories_states.dart
DA:10,1
DA:11,1
DA:15,1
DA:16,1
DA:17,1
LF:5
LH:5
end_of_record
SF:lib\features\e_commerce\domain\usecase\get_product_usecase.dart
DA:9,0
DA:11,0
DA:15,0
LF:3
LH:0
end_of_record
SF:lib\features\e_commerce\data\datasource\product_remote_datasource\product_remote_datasource_impl.dart
DA:13,1
DA:15,1
DA:17,4
LF:3
LH:3
end_of_record
SF:lib\features\e_commerce\data\repos\product_repo_imp.dart
DA:14,1
DA:16,1
DA:18,2
DA:20,1
DA:21,1
DA:22,4
DA:23,1
DA:24,1
DA:26,1
DA:27,2
LF:10
LH:10
end_of_record
SF:lib\features\e_commerce\data\mappers\products_mapper.dart
DA:5,1
DA:6,1
DA:7,1
DA:8,1
DA:9,2
DA:10,1
DA:11,1
LF:7
LH:7
end_of_record
SF:lib\features\e_commerce\pages\occasion\manager\occasion_cubit.dart
DA:16,3
DA:18,1
DA:20,1
DA:21,2
DA:22,1
DA:23,2
DA:27,1
DA:28,1
DA:31,1
DA:32,1
DA:33,2
DA:34,0
DA:35,1
DA:39,1
DA:40,1
DA:42,1
DA:43,5
DA:44,1
DA:45,5
DA:48,1
DA:49,2
DA:50,1
DA:56,1
DA:57,3
DA:59,4
DA:61,2
DA:64,2
DA:65,4
DA:67,2
DA:68,4
LF:30
LH:29
end_of_record
SF:lib\features\e_commerce\pages\occasion\manager\occasion_event.dart
DA:6,1
DA:12,1
LF:2
LH:2
end_of_record
SF:lib\features\e_commerce\pages\occasion\manager\occasion_state.dart
DA:8,1
DA:10,1
DA:11,2
DA:13,1
DA:17,1
DA:18,1
DA:19,1
LF:7
LH:7
end_of_record
SF:lib\features\home\api\home_remote_data_source_imp.dart
DA:10,1
DA:11,1
DA:13,1
DA:14,3
LF:4
LH:4
end_of_record
SF:lib\features\home\data\repos\home_repo_imp.dart
DA:11,1
DA:12,1
DA:14,2
DA:15,1
DA:16,3
DA:18,1
DA:19,2
DA:21,1
LF:8
LH:8
end_of_record
SF:lib\features\home\domain\usecase\get_categories_usecase.dart
DA:11,1
DA:13,1
DA:14,2
DA:15,3
LF:4
LH:4
end_of_record
SF:lib\features\home\domain\usecase\get_occasions_usecase.dart
DA:10,1
DA:12,1
DA:13,2
DA:14,3
LF:4
LH:4
end_of_record
SF:lib\features\home\domain\usecase\get_products_usecase.dart
DA:10,1
DA:12,1
DA:13,2
DA:14,3
LF:4
LH:4
end_of_record
SF:lib\features\home\presentation\manager\factory\home_factory_imp.dart
DA:15,1
DA:22,1
DA:23,1
DA:25,1
DA:26,1
DA:28,1
DA:29,1
DA:31,1
DA:32,1
LF:9
LH:9
end_of_record
SF:lib\features\home\presentation\manager\home_cubit.dart
DA:17,3
DA:19,1
DA:20,1
DA:21,1
DA:22,1
DA:27,1
DA:28,1
DA:29,2
DA:30,1
DA:31,1
DA:32,1
DA:35,2
DA:36,1
DA:37,1
DA:38,1
DA:39,1
DA:43,1
DA:44,2
DA:46,0
DA:47,0
DA:49,0
DA:50,0
DA:55,1
DA:56,3
DA:58,1
DA:59,5
DA:61,0
DA:62,0
DA:67,1
DA:68,3
DA:70,1
DA:71,5
DA:73,0
DA:74,0
DA:79,1
DA:80,3
DA:82,1
DA:83,5
DA:85,0
DA:86,0
LF:40
LH:30
end_of_record
SF:lib\features\home\presentation\manager\home_states.dart
DA:13,1
DA:18,1
DA:19,1
DA:20,1
DA:21,1
DA:23,1
DA:29,1
DA:30,1
DA:31,1
DA:32,1
DA:33,1
LF:11
LH:11
end_of_record
SF:lib\features\nav_bar\manager\nav_cubit\nav_cubit.dart
DA:10,2
DA:12,1
DA:13,2
LF:3
LH:3
end_of_record
SF:lib\features\nav_bar\manager\nav_cubit\nav_state.dart
DA:7,1
DA:9,0
DA:10,0
DA:14,1
DA:15,1
LF:5
LH:3
end_of_record
