SF:lib\app\config\auth_storage\auth_storage.dart
DA:12,1
DA:13,1
DA:14,1
DA:17,1
DA:18,1
DA:19,1
DA:22,1
DA:23,1
DA:24,1
DA:27,1
DA:28,1
DA:29,2
DA:30,1
DA:31,1
DA:32,1
DA:33,1
DA:34,1
DA:35,1
DA:36,1
DA:38,1
DA:41,1
DA:42,1
DA:43,1
DA:46,1
DA:47,1
DA:48,1
DA:49,1
DA:50,1
DA:51,1
DA:52,1
DA:53,1
DA:54,2
DA:58,1
DA:59,1
DA:60,1
DA:63,1
DA:64,1
DA:65,1
DA:68,1
DA:69,1
DA:70,1
DA:73,1
DA:74,1
DA:75,1
DA:76,1
LF:45
LH:45
end_of_record
SF:lib\features\auth\domain\models\user_model.dart
DA:10,6
LF:1
LH:1
end_of_record
SF:lib\app\config\base_state\base_state.dart
DA:8,4
DA:10,3
DA:11,3
DA:13,3
DA:14,3
DA:16,3
DA:17,3
DA:19,2
DA:20,2
DA:23,0
DA:24,0
DA:25,0
DA:26,0
LF:13
LH:9
end_of_record
SF:lib\features\app_start\presentation\manager\app_cubit.dart
DA:12,3
DA:14,1
DA:15,1
DA:16,1
DA:20,1
DA:21,4
DA:23,2
DA:24,4
DA:26,5
LF:9
LH:9
end_of_record
SF:lib\features\app_start\presentation\manager\app_states.dart
DA:6,1
DA:8,3
DA:10,1
DA:13,1
DA:14,0
LF:5
LH:4
end_of_record
SF:lib\features\categories\domain\usecase\all_categories_usecase.dart
DA:9,1
DA:11,1
DA:12,2
LF:3
LH:3
end_of_record
SF:lib\app\core\network\api_result.dart
DA:8,10
DA:13,10
LF:2
LH:2
end_of_record
SF:lib\features\categories\domain\models\all_categories_model.dart
DA:6,5
DA:19,5
DA:37,2
LF:3
LH:3
end_of_record
SF:lib\features\categories\data\models\all_categories_dto.dart
DA:14,4
DA:16,1
DA:17,1
DA:18,0
DA:40,4
DA:51,1
DA:52,1
DA:53,2
DA:67,2
DA:69,1
DA:70,1
DA:71,2
LF:12
LH:11
end_of_record
SF:lib\features\categories\data\models\all_categories_dto.g.dart
DA:9,1
DA:10,1
DA:11,1
DA:12,1
DA:14,2
DA:15,1
DA:16,1
DA:17,1
DA:19,1
DA:21,1
DA:24,0
DA:25,0
DA:26,0
DA:27,0
DA:28,0
DA:31,1
DA:32,1
DA:33,1
DA:34,1
DA:35,1
DA:36,1
DA:37,1
DA:38,1
DA:39,1
DA:40,2
DA:43,1
DA:44,1
DA:45,1
DA:46,1
DA:47,1
DA:48,1
DA:49,1
DA:50,1
DA:51,1
DA:52,1
DA:55,2
DA:56,2
DA:57,2
DA:58,2
DA:59,2
DA:62,1
DA:63,1
DA:64,1
DA:65,1
DA:66,1
DA:67,1
LF:46
LH:41
end_of_record
SF:lib\features\categories\data\mappers\all_categories_mapper.dart
DA:5,2
DA:6,2
DA:7,2
DA:8,10
DA:9,3
DA:15,2
DA:16,2
DA:17,2
DA:18,2
DA:19,2
DA:20,2
DA:21,2
DA:22,2
DA:23,2
DA:24,2
DA:30,1
DA:31,1
DA:32,1
DA:33,1
DA:34,1
DA:35,1
LF:21
LH:21
end_of_record
SF:lib\features\categories\data\repos\all_categories_repo_impl.dart
DA:12,1
DA:14,1
DA:16,2
DA:18,1
DA:19,1
DA:20,1
DA:21,1
DA:22,1
DA:23,2
LF:9
LH:9
end_of_record
SF:lib\app\core\api_manger\api_client.g.dart
DA:14,0
DA:15,0
DA:24,0
DA:26,0
DA:27,0
DA:28,0
DA:29,0
DA:30,0
DA:31,0
DA:32,0
DA:33,0
DA:34,0
DA:39,0
DA:41,0
DA:44,0
DA:46,0
DA:49,0
DA:53,0
DA:55,0
DA:56,0
DA:57,0
DA:58,0
DA:59,0
DA:60,0
DA:61,0
DA:62,0
DA:63,0
DA:68,0
DA:70,0
DA:73,0
DA:75,0
DA:78,0
DA:82,0
DA:86,0
DA:87,0
DA:88,0
DA:89,0
DA:90,0
DA:91,0
DA:92,0
DA:93,0
DA:94,0
DA:99,0
DA:101,0
DA:104,0
DA:106,0
DA:109,0
DA:113,0
DA:117,0
DA:118,0
DA:119,0
DA:120,0
DA:121,0
DA:122,0
DA:123,0
DA:124,0
DA:125,0
DA:130,0
DA:132,0
DA:135,0
DA:137,0
DA:140,0
DA:144,0
DA:148,0
DA:149,0
DA:150,0
DA:151,0
DA:152,0
DA:153,0
DA:154,0
DA:155,0
DA:156,0
DA:161,0
DA:163,0
DA:166,0
DA:168,0
DA:171,0
DA:175,0
DA:177,0
DA:178,0
DA:179,0
DA:181,0
DA:182,0
DA:183,0
DA:184,0
DA:189,0
DA:191,0
DA:194,0
DA:196,0
DA:199,0
DA:203,0
DA:208,0
DA:209,0
DA:213,0
DA:214,0
DA:216,0
DA:217,0
DA:218,0
DA:219,0
DA:224,0
DA:226,0
DA:229,0
DA:231,0
DA:234,0
DA:238,0
DA:239,0
DA:240,0
DA:241,0
DA:242,0
DA:243,0
DA:245,0
DA:251,0
DA:252,0
DA:256,0
DA:258,0
DA:259,0
DA:262,0
LF:117
LH:0
end_of_record
SF:lib\features\auth\data\models\response\signup_dto.dart
DA:16,2
DA:18,0
DA:19,0
DA:20,0
DA:48,2
DA:62,0
DA:63,0
LF:7
LH:2
end_of_record
SF:lib\features\auth\data\models\response\signup_dto.g.dart
DA:9,0
DA:10,0
DA:11,0
DA:13,0
DA:14,0
DA:15,0
DA:18,0
DA:19,0
DA:20,0
DA:21,0
DA:22,0
DA:25,0
DA:26,0
DA:27,0
DA:28,0
DA:29,0
DA:30,0
DA:31,0
DA:32,0
DA:33,0
DA:34,0
DA:35,0
DA:36,0
DA:39,0
DA:40,0
DA:41,0
DA:42,0
DA:43,0
DA:44,0
DA:45,0
DA:46,0
DA:47,0
DA:48,0
DA:49,0
DA:50,0
LF:35
LH:0
end_of_record
SF:lib\features\auth\data\models\request\login_request_model.dart
DA:12,2
DA:14,0
DA:15,0
DA:18,0
DA:19,0
LF:5
LH:1
end_of_record
SF:lib\features\auth\data\models\request\login_request_model.g.dart
DA:9,0
DA:10,0
DA:11,0
DA:14,0
DA:15,0
LF:5
LH:0
end_of_record
SF:lib\features\auth\data\models\response\login_response_model.dart
DA:17,3
DA:19,0
DA:20,0
DA:23,0
DA:24,0
DA:27,2
DA:28,2
DA:29,2
DA:30,2
DA:31,5
DA:38,1
LF:11
LH:7
end_of_record
SF:lib\features\auth\data\models\response\login_response_model.g.dart
DA:9,0
DA:10,0
DA:11,0
DA:12,0
DA:14,0
DA:15,0
DA:18,0
DA:19,0
DA:20,0
DA:21,0
DA:22,0
LF:11
LH:0
end_of_record
SF:lib\features\nav_bar\data\models\response\products_response.dart
DA:10,0
DA:16,0
DA:17,0
DA:18,0
DA:19,0
DA:20,0
DA:22,0
DA:23,0
DA:24,0
DA:28,0
DA:29,0
DA:30,0
DA:31,0
DA:32,0
LF:14
LH:0
end_of_record
SF:lib\features\auth\data\models\request\forget_password_request_model\forget_password_request_model.dart
DA:7,0
DA:8,0
DA:9,0
DA:10,0
DA:11,0
LF:5
LH:0
end_of_record
SF:lib\features\auth\data\models\request\forget_password_request_model\forget_password_request_model.g.dart
DA:9,0
DA:11,0
DA:13,0
DA:15,0
LF:4
LH:0
end_of_record
SF:lib\features\auth\data\models\request\reset_password_request_model\reset_password_request_model.dart
DA:10,0
DA:15,0
DA:16,0
DA:18,0
LF:4
LH:0
end_of_record
SF:lib\features\auth\data\models\request\reset_password_request_model\reset_password_request_model.g.dart
DA:9,0
DA:11,0
DA:12,0
DA:13,0
DA:16,0
DA:18,0
DA:19,0
DA:20,0
LF:8
LH:0
end_of_record
SF:lib\features\auth\data\models\request\verify_reset_code_request_model\verify_reset_code_request.dart
DA:9,0
DA:11,0
DA:12,0
DA:14,0
DA:15,0
LF:5
LH:0
end_of_record
SF:lib\features\auth\data\models\request\verify_reset_code_request_model\verify_reset_code_request.g.dart
DA:9,0
DA:11,0
DA:13,0
DA:15,0
LF:4
LH:0
end_of_record
SF:lib\features\auth\data\models\response\forget_password_response_model\forget_password_response_model.dart
DA:9,0
DA:12,0
DA:13,0
DA:14,0
DA:15,0
LF:5
LH:0
end_of_record
SF:lib\features\auth\data\models\response\forget_password_response_model\forget_password_response_model.g.dart
DA:9,0
DA:11,0
DA:12,0
DA:13,0
DA:16,0
DA:18,0
LF:6
LH:0
end_of_record
SF:lib\features\auth\data\models\response\reset_password_response_model\reset_password_response_model.dart
DA:12,0
DA:18,0
DA:19,0
DA:21,0
DA:23,0
DA:24,0
DA:25,0
DA:26,0
LF:8
LH:0
end_of_record
SF:lib\features\auth\data\models\response\reset_password_response_model\reset_password_response_model.g.dart
DA:9,0
DA:11,0
DA:12,0
DA:13,0
DA:14,0
DA:17,0
DA:19,0
DA:20,0
DA:21,0
DA:22,0
LF:10
LH:0
end_of_record
SF:lib\features\auth\data\models\response\verify_reset_code_response_model\verify_reset_code_response_model.dart
DA:7,0
DA:9,0
DA:10,0
DA:12,0
DA:13,0
LF:5
LH:0
end_of_record
SF:lib\features\auth\data\models\response\verify_reset_code_response_model\verify_reset_code_response_model.g.dart
DA:9,0
DA:11,0
DA:13,0
DA:15,0
LF:4
LH:0
end_of_record
SF:lib\features\nav_bar\domain\models\product_model.dart
DA:9,0
LF:1
LH:0
end_of_record
SF:lib\app\core\network\safe_api_call.dart
DA:7,2
DA:11,4
DA:13,2
DA:14,6
DA:15,6
DA:16,4
DA:18,0
DA:19,0
DA:22,2
DA:23,0
DA:25,0
DA:26,0
DA:27,0
DA:28,0
DA:32,0
DA:34,4
LF:16
LH:8
end_of_record
SF:lib\features\auth\api\datasource\auth_remote_datasource_impl.dart
DA:20,1
DA:21,1
DA:23,1
DA:24,3
DA:28,1
DA:38,1
DA:39,4
DA:51,0
DA:55,0
DA:58,0
DA:61,0
DA:62,0
DA:66,0
DA:69,0
DA:70,0
LF:15
LH:7
end_of_record
SF:lib\features\auth\data\models\response\user_model.dart
DA:30,3
DA:44,1
DA:45,1
DA:48,1
DA:49,1
DA:52,3
DA:53,3
DA:54,3
DA:55,3
DA:56,3
DA:57,3
DA:58,3
DA:59,3
DA:60,3
LF:14
LH:14
end_of_record
SF:lib\features\auth\data\models\response\user_model.g.dart
DA:9,2
DA:10,1
DA:11,1
DA:12,1
DA:13,1
DA:14,1
DA:15,1
DA:16,1
DA:17,1
DA:18,1
DA:19,1
DA:20,1
DA:23,2
DA:24,1
DA:25,1
DA:26,1
DA:27,1
DA:28,1
DA:29,1
DA:30,1
DA:31,1
DA:32,1
DA:33,1
DA:34,1
LF:24
LH:24
end_of_record
SF:lib\features\auth\domain\models\login_model.dart
DA:9,4
LF:1
LH:1
end_of_record
SF:lib\features\auth\domain\models\reset_password_entity.dart
DA:6,0
LF:1
LH:0
end_of_record
SF:lib\features\nav_bar\data\models\response\meta_data.dart
DA:7,0
DA:14,0
DA:15,0
DA:16,0
DA:17,0
DA:18,0
DA:19,0
DA:23,0
DA:24,0
DA:25,0
DA:26,0
DA:27,0
DA:28,0
LF:13
LH:0
end_of_record
SF:lib\features\nav_bar\data\models\response\remote_product.dart
DA:23,0
DA:46,0
DA:47,0
DA:48,0
DA:49,0
DA:50,0
DA:51,0
DA:52,0
DA:53,0
DA:54,0
DA:55,0
DA:56,0
DA:57,0
DA:58,0
DA:59,0
DA:60,0
DA:61,0
DA:62,0
DA:63,0
DA:64,0
DA:65,0
DA:66,0
DA:67,0
DA:68,0
DA:69,0
DA:73,0
DA:74,0
DA:75,0
DA:76,0
DA:77,0
DA:78,0
DA:79,0
DA:80,0
DA:81,0
DA:82,0
DA:83,0
DA:84,0
DA:85,0
DA:86,0
DA:87,0
DA:88,0
DA:89,0
DA:90,0
DA:91,0
DA:92,0
DA:93,0
DA:94,0
LF:47
LH:0
end_of_record
SF:lib\features\categories\presentation\manager\all_categories_cubit.dart
DA:16,1
DA:17,2
DA:21,1
DA:23,1
DA:24,1
DA:25,1
DA:26,2
DA:30,1
DA:31,4
DA:32,2
DA:34,1
DA:35,2
DA:36,1
DA:37,3
DA:39,1
DA:40,2
DA:41,2
DA:44,1
DA:46,1
DA:47,1
DA:48,4
DA:53,1
DA:54,2
DA:55,1
DA:56,2
DA:57,2
DA:58,1
DA:60,2
DA:62,5
DA:65,1
DA:66,4
DA:67,2
DA:71,1
DA:72,2
DA:73,4
DA:74,1
DA:75,5
LF:37
LH:37
end_of_record
SF:lib\features\categories\presentation\manager\all_categories_intent.dart
DA:7,1
LF:1
LH:1
end_of_record
SF:lib\features\categories\presentation\manager\all_categories_states.dart
DA:9,1
DA:10,1
DA:14,1
DA:15,1
DA:16,1
LF:5
LH:5
end_of_record
SF:lib\features\nav_bar\domain\usecase\get_product_usecase.dart
DA:10,0
DA:12,0
DA:16,0
LF:3
LH:0
end_of_record
SF:lib\features\auth\data\repos\auth_repo_imp.dart
DA:25,1
DA:27,1
DA:29,1
DA:30,2
DA:31,1
DA:32,3
DA:34,1
DA:35,2
DA:37,1
DA:40,1
DA:50,2
DA:60,1
DA:61,1
DA:62,1
DA:63,1
DA:64,1
DA:65,1
DA:66,2
DA:71,0
DA:73,0
DA:74,0
DA:77,0
DA:78,0
DA:79,0
DA:80,0
DA:81,0
DA:86,0
DA:87,0
DA:90,0
DA:93,0
DA:95,0
DA:96,0
DA:99,0
DA:100,0
DA:101,0
DA:104,0
DA:105,0
DA:107,0
DA:111,0
DA:113,0
DA:117,0
DA:118,0
DA:119,0
DA:122,0
DA:123,0
DA:125,0
LF:46
LH:18
end_of_record
SF:lib\features\auth\domain\models\signup_model.dart
DA:7,3
DA:18,3
LF:2
LH:2
end_of_record
SF:lib\features\auth\data\mappers\signup_dto_mapper.dart
DA:5,1
DA:6,1
DA:7,1
DA:8,1
DA:9,2
DA:15,1
DA:16,1
DA:17,1
DA:18,1
DA:19,1
DA:20,1
DA:21,1
DA:22,1
LF:13
LH:13
end_of_record
SF:lib\features\auth\domain\models\forget_password_entity.dart
DA:4,0
LF:1
LH:0
end_of_record
SF:lib\features\auth\domain\models\verify_reset_code_entity.dart
DA:4,0
LF:1
LH:0
end_of_record
SF:lib\features\auth\domain\usecase\signup_usecase.dart
DA:9,1
DA:11,1
DA:19,2
LF:3
LH:3
end_of_record
SF:lib\features\auth\domain\usecase\login_usecase.dart
DA:9,1
DA:11,1
DA:12,2
LF:3
LH:3
end_of_record
SF:lib\features\auth\presentation\login\manager\login_cubit.dart
DA:16,3
DA:18,1
DA:19,1
DA:20,1
DA:22,1
DA:23,1
DA:24,1
DA:25,1
DA:29,1
DA:30,3
DA:31,1
DA:37,1
DA:42,3
DA:43,1
DA:45,2
DA:48,1
DA:50,2
DA:52,4
DA:53,2
DA:54,3
DA:55,2
DA:59,1
DA:61,3
DA:62,2
DA:68,1
DA:69,3
LF:26
LH:26
end_of_record
SF:lib\features\auth\presentation\login\manager\login_intent.dart
DA:8,1
DA:17,1
LF:2
LH:2
end_of_record
SF:lib\features\auth\presentation\login\manager\login_states.dart
DA:8,1
DA:11,1
DA:13,1
DA:18,1
DA:19,1
DA:20,1
LF:6
LH:6
end_of_record
SF:lib\features\categories\api\datasource\all_categories_remote_datasource_impl.dart
DA:12,1
DA:14,1
DA:16,4
LF:3
LH:3
end_of_record
SF:lib\features\auth\presentation\signup\manager\signup_cubit.dart
DA:16,3
DA:30,0
DA:31,0
DA:33,0
DA:34,0
DA:37,1
DA:39,1
DA:40,1
DA:41,1
DA:42,3
DA:43,1
DA:44,3
DA:45,1
DA:46,3
DA:47,1
DA:48,3
DA:49,1
DA:50,3
DA:51,1
DA:52,3
DA:53,1
DA:54,3
DA:58,1
DA:59,2
DA:60,2
DA:62,0
DA:63,0
DA:64,0
DA:69,1
DA:70,3
DA:73,2
DA:74,1
DA:75,1
DA:76,1
DA:77,1
DA:78,1
DA:79,1
DA:80,1
DA:84,1
DA:85,1
DA:86,2
DA:87,1
DA:89,1
DA:94,3
DA:96,1
DA:97,1
DA:98,2
DA:99,1
DA:101,2
DA:105,2
DA:106,3
DA:111,1
DA:112,1
DA:113,1
DA:114,3
DA:118,1
DA:119,1
DA:120,1
DA:121,3
DA:125,1
DA:126,1
DA:127,4
DA:130,1
DA:131,1
DA:132,1
DA:133,3
DA:137,1
DA:138,1
DA:139,1
DA:140,2
DA:141,1
DA:146,1
DA:147,1
DA:148,4
DA:151,1
DA:152,1
DA:153,1
DA:154,2
DA:155,1
DA:160,1
DA:162,2
DA:163,1
LF:82
LH:75
end_of_record
SF:lib\features\auth\presentation\signup\manager\signup_intent.dart
DA:7,1
DA:12,1
DA:17,1
DA:22,1
DA:27,1
DA:32,1
DA:37,1
DA:48,1
LF:8
LH:8
end_of_record
SF:lib\features\auth\presentation\signup\manager\signup_states.dart
DA:6,1
DA:7,1
DA:8,1
DA:22,1
LF:4
LH:4
end_of_record
SF:lib\app\config\validation\app_validation.dart
DA:5,0
DA:7,0
DA:8,0
DA:9,0
DA:10,0
DA:11,0
DA:12,0
DA:18,0
DA:19,0
DA:20,0
DA:21,0
DA:22,0
DA:23,0
DA:29,0
DA:30,0
DA:31,0
DA:32,0
DA:33,0
DA:34,0
DA:40,0
DA:41,0
DA:42,0
DA:43,0
DA:44,0
DA:45,0
DA:46,0
DA:47,0
DA:48,0
DA:49,0
DA:50,0
DA:51,0
DA:52,0
DA:57,0
DA:61,0
DA:62,0
DA:63,0
DA:64,0
DA:69,0
DA:70,0
DA:73,0
DA:74,0
DA:75,0
DA:76,0
DA:82,1
DA:83,1
DA:84,0
LF:46
LH:2
end_of_record
SF:lib\features\nav_bar\ui\pages\nav_bar\manager\nav_cubit.dart
DA:8,2
DA:10,1
DA:11,2
LF:3
LH:3
end_of_record
SF:lib\features\nav_bar\ui\pages\nav_bar\manager\nav_state.dart
DA:7,1
DA:9,0
DA:10,0
DA:14,1
DA:15,1
LF:5
LH:3
end_of_record
